[2024-06-02T20:49:28.822+0000] {taskinstance.py:1979} INFO - Dependencies all met for dep_context=non-requeueable deps ti=<TaskInstance: postgre_exercises.createTable manual__2024-06-02T20:49:26.694980+00:00 [queued]>
[2024-06-02T20:49:28.825+0000] {taskinstance.py:1979} INFO - Dependencies all met for dep_context=requeueable deps ti=<TaskInstance: postgre_exercises.createTable manual__2024-06-02T20:49:26.694980+00:00 [queued]>
[2024-06-02T20:49:28.825+0000] {taskinstance.py:2193} INFO - Starting attempt 1 of 2
[2024-06-02T20:49:28.832+0000] {taskinstance.py:2214} INFO - Executing <Task(PostgresOperator): createTable> on 2024-06-02 20:49:26.694980+00:00
[2024-06-02T20:49:28.837+0000] {standard_task_runner.py:60} INFO - Started process 2299 to run task
[2024-06-02T20:49:28.841+0000] {standard_task_runner.py:87} INFO - Running: ['***', 'tasks', 'run', 'postgre_exercises', 'createTable', 'manual__2024-06-02T20:49:26.694980+00:00', '--job-id', '43', '--raw', '--subdir', 'DAGS_FOLDER/create_table.py', '--cfg-path', '/tmp/tmpbwf_3y6n']
[2024-06-02T20:49:28.842+0000] {standard_task_runner.py:88} INFO - Job 43: Subtask createTable
[2024-06-02T20:49:28.902+0000] {task_command.py:423} INFO - Running <TaskInstance: postgre_exercises.createTable manual__2024-06-02T20:49:26.694980+00:00 [running]> on host 35a5c0dbc0eb
[2024-06-02T20:49:28.962+0000] {taskinstance.py:2510} INFO - Exporting env vars: AIRFLOW_CTX_DAG_EMAIL='msaipulrx@gmail.com' AIRFLOW_CTX_DAG_OWNER='saipul' AIRFLOW_CTX_DAG_ID='postgre_exercises' AIRFLOW_CTX_TASK_ID='createTable' AIRFLOW_CTX_EXECUTION_DATE='2024-06-02T20:49:26.694980+00:00' AIRFLOW_CTX_TRY_NUMBER='1' AIRFLOW_CTX_DAG_RUN_ID='manual__2024-06-02T20:49:26.694980+00:00'
[2024-06-02T20:49:28.963+0000] {sql.py:276} INFO - Executing: /* CREATE_TABLE_my_table.sql */
CREATE TABLE IF NOT EXISTS iris (
    Id int NOT NULL , 
    SepalLengthCm DECIMAL(5,2) NOT NULL, 
    SepalWidthCm DECIMAL(5,2) NOT NULL, 
    PetalLengthCm DECIMAL(5,2) NOT NULL,
    PetalWidthCm DECIMAL(5,2) NOT NULL,
    Species VARCHAR(50),
    PRIMARY KEY (Id));
[2024-06-02T20:49:28.968+0000] {base.py:83} INFO - Using connection ID 'postgres_conn' for task execution.
[2024-06-02T20:49:28.977+0000] {base.py:83} INFO - Using connection ID 'postgres_conn' for task execution.
[2024-06-02T20:49:29.004+0000] {sql.py:457} INFO - Running statement: /* CREATE_TABLE_my_table.sql */
CREATE TABLE IF NOT EXISTS iris (
    Id int NOT NULL , 
    SepalLengthCm DECIMAL(5,2) NOT NULL, 
    SepalWidthCm DECIMAL(5,2) NOT NULL, 
    PetalLengthCm DECIMAL(5,2) NOT NULL,
    PetalWidthCm DECIMAL(5,2) NOT NULL,
    Species VARCHAR(50),
    PRIMARY KEY (Id));, parameters: None
[2024-06-02T20:49:29.006+0000] {warnings.py:109} WARNING - /home/***/.local/lib/python3.8/site-packages/***/providers/common/sql/hooks/sql.py:407: AirflowProviderDeprecationWarning: Call to deprecated method _make_common_data_structure. (The `_make_serializable` method is deprecated and support will be removed in a future version of the common.sql provider. Please update the DbApiHook's provider to a version based on common.sql >= 1.9.1.)
  result = self._make_common_data_structure(handler(cur))

[2024-06-02T20:49:29.012+0000] {taskinstance.py:1149} INFO - Marking task as SUCCESS. dag_id=postgre_exercises, task_id=createTable, execution_date=20240602T204926, start_date=20240602T204928, end_date=20240602T204929
[2024-06-02T20:49:29.034+0000] {local_task_job_runner.py:234} INFO - Task exited with return code 0
[2024-06-02T20:49:29.041+0000] {warnings.py:109} WARNING - /home/***/.local/lib/python3.8/site-packages/***/models/baseoperator.py:1201: AirflowProviderDeprecationWarning: Call to deprecated class PostgresOperator. (Please use `***.providers.common.sql.operators.sql.SQLExecuteQueryOperator`.Also, you can provide `hook_params={'schema': <database>}`.)
  result = cls.__new__(cls)

[2024-06-02T20:49:29.050+0000] {taskinstance.py:3309} INFO - 1 downstream tasks scheduled from follow-on schedule check
