[2024-06-02T20:23:35.342+0000] {taskinstance.py:1979} INFO - Dependencies all met for dep_context=non-requeueable deps ti=<TaskInstance: postgre_exercises.createTable manual__2024-06-02T20:14:04.004381+00:00 [queued]>
[2024-06-02T20:23:35.347+0000] {taskinstance.py:1979} INFO - Dependencies all met for dep_context=requeueable deps ti=<TaskInstance: postgre_exercises.createTable manual__2024-06-02T20:14:04.004381+00:00 [queued]>
[2024-06-02T20:23:35.347+0000] {taskinstance.py:2193} INFO - Starting attempt 2 of 3
[2024-06-02T20:23:35.363+0000] {taskinstance.py:2214} INFO - Executing <Task(PostgresOperator): createTable> on 2024-06-02 20:14:04.004381+00:00
[2024-06-02T20:23:35.371+0000] {standard_task_runner.py:60} INFO - Started process 1824 to run task
[2024-06-02T20:23:35.389+0000] {standard_task_runner.py:87} INFO - Running: ['***', 'tasks', 'run', 'postgre_exercises', 'createTable', 'manual__2024-06-02T20:14:04.004381+00:00', '--job-id', '23', '--raw', '--subdir', 'DAGS_FOLDER/create_table.py', '--cfg-path', '/tmp/tmpmn7k8b98']
[2024-06-02T20:23:35.390+0000] {standard_task_runner.py:88} INFO - Job 23: Subtask createTable
[2024-06-02T20:23:35.433+0000] {task_command.py:423} INFO - Running <TaskInstance: postgre_exercises.createTable manual__2024-06-02T20:14:04.004381+00:00 [running]> on host 35a5c0dbc0eb
[2024-06-02T20:23:35.482+0000] {taskinstance.py:2510} INFO - Exporting env vars: AIRFLOW_CTX_DAG_EMAIL='msaipulrx@gmail.com' AIRFLOW_CTX_DAG_OWNER='saipul' AIRFLOW_CTX_DAG_ID='postgre_exercises' AIRFLOW_CTX_TASK_ID='createTable' AIRFLOW_CTX_EXECUTION_DATE='2024-06-02T20:14:04.004381+00:00' AIRFLOW_CTX_TRY_NUMBER='2' AIRFLOW_CTX_DAG_RUN_ID='manual__2024-06-02T20:14:04.004381+00:00'
[2024-06-02T20:23:35.483+0000] {sql.py:276} INFO - Executing: /* CREATE_TABLE_my_table.sql */
CREATE TABLE IF NOT EXISTS iris (
    Id int NOT NULL , 
    sepal_length DECIMAL(5,2) NOT NULL, 
    sepal_width DECIMAL(5,2) NOT NULL, 
    petal_length DECIMAL(5,2) NOT NULL,
    petal_width DECIMAL(5,2) NOT NULL,
    species VARCHAR(50),
    PRIMARY KEY (Id));
[2024-06-02T20:23:35.487+0000] {base.py:83} INFO - Using connection ID 'postgres_conn' for task execution.
[2024-06-02T20:23:35.493+0000] {base.py:83} INFO - Using connection ID 'postgres_conn' for task execution.
[2024-06-02T20:23:35.521+0000] {sql.py:457} INFO - Running statement: /* CREATE_TABLE_my_table.sql */
CREATE TABLE IF NOT EXISTS iris (
    Id int NOT NULL , 
    sepal_length DECIMAL(5,2) NOT NULL, 
    sepal_width DECIMAL(5,2) NOT NULL, 
    petal_length DECIMAL(5,2) NOT NULL,
    petal_width DECIMAL(5,2) NOT NULL,
    species VARCHAR(50),
    PRIMARY KEY (Id));, parameters: None
[2024-06-02T20:23:35.523+0000] {warnings.py:109} WARNING - /home/***/.local/lib/python3.8/site-packages/***/providers/common/sql/hooks/sql.py:407: AirflowProviderDeprecationWarning: Call to deprecated method _make_common_data_structure. (The `_make_serializable` method is deprecated and support will be removed in a future version of the common.sql provider. Please update the DbApiHook's provider to a version based on common.sql >= 1.9.1.)
  result = self._make_common_data_structure(handler(cur))

[2024-06-02T20:23:35.530+0000] {taskinstance.py:1149} INFO - Marking task as SUCCESS. dag_id=postgre_exercises, task_id=createTable, execution_date=20240602T201404, start_date=20240602T202335, end_date=20240602T202335
[2024-06-02T20:23:35.576+0000] {local_task_job_runner.py:234} INFO - Task exited with return code 0
[2024-06-02T20:23:35.585+0000] {warnings.py:109} WARNING - /home/***/.local/lib/python3.8/site-packages/***/models/baseoperator.py:1201: AirflowProviderDeprecationWarning: Call to deprecated class PostgresOperator. (Please use `***.providers.common.sql.operators.sql.SQLExecuteQueryOperator`.Also, you can provide `hook_params={'schema': <database>}`.)
  result = cls.__new__(cls)

[2024-06-02T20:23:35.594+0000] {taskinstance.py:3309} INFO - 1 downstream tasks scheduled from follow-on schedule check
