[2024-06-02T18:37:03.552+0000] {taskinstance.py:1979} INFO - Dependencies all met for dep_context=non-requeueable deps ti=<TaskInstance: postgre_exercises.createTable scheduled__2020-11-28T00:00:00+00:00 [queued]>
[2024-06-02T18:37:03.555+0000] {taskinstance.py:1979} INFO - Dependencies all met for dep_context=requeueable deps ti=<TaskInstance: postgre_exercises.createTable scheduled__2020-11-28T00:00:00+00:00 [queued]>
[2024-06-02T18:37:03.555+0000] {taskinstance.py:2193} INFO - Starting attempt 2 of 2
[2024-06-02T18:37:03.562+0000] {taskinstance.py:2214} INFO - Executing <Task(PostgresOperator): createTable> on 2020-11-28 00:00:00+00:00
[2024-06-02T18:37:03.569+0000] {standard_task_runner.py:60} INFO - Started process 175 to run task
[2024-06-02T18:37:03.571+0000] {standard_task_runner.py:87} INFO - Running: ['***', 'tasks', 'run', 'postgre_exercises', 'createTable', 'scheduled__2020-11-28T00:00:00+00:00', '--job-id', '12', '--raw', '--subdir', 'DAGS_FOLDER/create_table.py', '--cfg-path', '/tmp/tmp5o0ufke5']
[2024-06-02T18:37:03.573+0000] {standard_task_runner.py:88} INFO - Job 12: Subtask createTable
[2024-06-02T18:37:03.604+0000] {task_command.py:423} INFO - Running <TaskInstance: postgre_exercises.createTable scheduled__2020-11-28T00:00:00+00:00 [running]> on host 35a5c0dbc0eb
[2024-06-02T18:37:03.643+0000] {taskinstance.py:2510} INFO - Exporting env vars: AIRFLOW_CTX_DAG_EMAIL='msaipulrx@gmail.com' AIRFLOW_CTX_DAG_OWNER='saipul' AIRFLOW_CTX_DAG_ID='postgre_exercises' AIRFLOW_CTX_TASK_ID='createTable' AIRFLOW_CTX_EXECUTION_DATE='2020-11-28T00:00:00+00:00' AIRFLOW_CTX_TRY_NUMBER='2' AIRFLOW_CTX_DAG_RUN_ID='scheduled__2020-11-28T00:00:00+00:00'
[2024-06-02T18:37:03.644+0000] {sql.py:276} INFO - Executing: /* CREATE_TABLE_my_table.sql */
CREATE TABLE IF NOT EXISTS iris (
    Id int NOT NULL , 
    sepallengthcm DECIMAL(5,2) NOT NULL, 
    sepalwidthcm DECIMAL(5,2) NOT NULL, 
    petallengthcm DECIMAL(5,2) NOT NULL,
    petalwidthcm DECIMAL(5,2) NOT NULL,
    species VARCHAR(50),
    PRIMARY KEY (Id));
[2024-06-02T18:37:03.649+0000] {base.py:83} INFO - Using connection ID 'postgres_conn' for task execution.
[2024-06-02T18:37:03.654+0000] {base.py:83} INFO - Using connection ID 'postgres_conn' for task execution.
[2024-06-02T18:37:03.671+0000] {sql.py:457} INFO - Running statement: /* CREATE_TABLE_my_table.sql */
CREATE TABLE IF NOT EXISTS iris (
    Id int NOT NULL , 
    sepallengthcm DECIMAL(5,2) NOT NULL, 
    sepalwidthcm DECIMAL(5,2) NOT NULL, 
    petallengthcm DECIMAL(5,2) NOT NULL,
    petalwidthcm DECIMAL(5,2) NOT NULL,
    species VARCHAR(50),
    PRIMARY KEY (Id));, parameters: None
[2024-06-02T18:37:03.721+0000] {warnings.py:109} WARNING - /home/***/.local/lib/python3.8/site-packages/***/providers/common/sql/hooks/sql.py:407: AirflowProviderDeprecationWarning: Call to deprecated method _make_common_data_structure. (The `_make_serializable` method is deprecated and support will be removed in a future version of the common.sql provider. Please update the DbApiHook's provider to a version based on common.sql >= 1.9.1.)
  result = self._make_common_data_structure(handler(cur))

[2024-06-02T18:37:03.729+0000] {taskinstance.py:1149} INFO - Marking task as SUCCESS. dag_id=postgre_exercises, task_id=createTable, execution_date=20201128T000000, start_date=20240602T183703, end_date=20240602T183703
[2024-06-02T18:37:03.752+0000] {local_task_job_runner.py:234} INFO - Task exited with return code 0
[2024-06-02T18:37:03.760+0000] {warnings.py:109} WARNING - /home/***/.local/lib/python3.8/site-packages/***/models/baseoperator.py:1201: AirflowProviderDeprecationWarning: Call to deprecated class PostgresOperator. (Please use `***.providers.common.sql.operators.sql.SQLExecuteQueryOperator`.Also, you can provide `hook_params={'schema': <database>}`.)
  result = cls.__new__(cls)

[2024-06-02T18:37:03.766+0000] {taskinstance.py:3309} INFO - 1 downstream tasks scheduled from follow-on schedule check
